app/build/intermediates/manifest_merge_blame_file/debug/manifest-merger-blame-debug-report.txt
1<?xml version="1.0" encoding="utf-8"?>
2<manifest xmlns:android="http://schemas.android.com/apk/res/android"
3    package="iot.b19060630.mybill"
4    android:versionCode="1"
5    android:versionName="1.0" >
6
7    <uses-sdk
8        android:minSdkVersion="30"
8-->src\main\AndroidManifest.xml
9        android:targetSdkVersion="32" />
9-->src\main\AndroidManifest.xml
10
11    <application
11-->src\main\AndroidManifest.xml:6:5-57:19
12        android:name="iot.b19060630.mybill.UniteApp"
12-->src\main\AndroidManifest.xml:7:9-53
13        android:allowBackup="true"
13-->src\main\AndroidManifest.xml:8:9-35
14        android:appComponentFactory="androidx.core.app.CoreComponentFactory"
14-->[androidx.core:core:1.5.0] AndroidManifest.xml:24:18-86
15        android:dataExtractionRules="@xml/data_extraction_rules"
15-->src\main\AndroidManifest.xml:9:9-65
16        android:debuggable="true"
17        android:extractNativeLibs="false"
18        android:fullBackupContent="@xml/backup_rules"
18-->src\main\AndroidManifest.xml:10:9-54
19        android:icon="@drawable/i2"
19-->src\main\AndroidManifest.xml:11:9-36
20        android:label="每日记账"
20-->src\main\AndroidManifest.xml:12:9-29
21        android:roundIcon="@drawable/i2"
21-->src\main\AndroidManifest.xml:13:9-41
22        android:supportsRtl="true"
22-->src\main\AndroidManifest.xml:14:9-35
23        android:testOnly="true"
24        android:theme="@style/Theme.AppCompat.NoActionBar" >
24-->src\main\AndroidManifest.xml:15:9-59
25        <activity
25-->src\main\AndroidManifest.xml:17:9-19:40
26            android:name="iot.b19060630.mybill.MonthChartActivity"
26-->src\main\AndroidManifest.xml:18:13-67
27            android:exported="false" />
27-->src\main\AndroidManifest.xml:19:13-37
28        <activity
28-->src\main\AndroidManifest.xml:20:9-22:40
29            android:name="iot.b19060630.mybill.SettingActivity"
29-->src\main\AndroidManifest.xml:21:13-64
30            android:exported="false" />
30-->src\main\AndroidManifest.xml:22:13-37
31        <activity
31-->src\main\AndroidManifest.xml:23:9-25:40
32            android:name="iot.b19060630.mybill.HistoryActivity"
32-->src\main\AndroidManifest.xml:24:13-64
33            android:exported="false" />
33-->src\main\AndroidManifest.xml:25:13-37
34        <activity
34-->src\main\AndroidManifest.xml:26:9-28:40
35            android:name="iot.b19060630.mybill.RecordActivity"
35-->src\main\AndroidManifest.xml:27:13-63
36            android:exported="false" />
36-->src\main\AndroidManifest.xml:28:13-37
37        <activity
37-->src\main\AndroidManifest.xml:29:9-37:20
38            android:name="iot.b19060630.mybill.MainActivity"
38-->src\main\AndroidManifest.xml:30:13-61
39            android:exported="true" >
39-->src\main\AndroidManifest.xml:31:13-36
40
41            <!-- <intent-filter> -->
42            <!-- <action android:name="android.intent.action.MAIN" /> -->
43
44
45            <!-- <category android:name="android.intent.category.LAUNCHER" /> -->
46            <!-- </intent-filter> -->
47        </activity>
48        <activity
48-->src\main\AndroidManifest.xml:38:9-45:20
49            android:name="iot.b19060630.mybill.LoginActivity"
49-->src\main\AndroidManifest.xml:39:13-62
50            android:exported="true" >
50-->src\main\AndroidManifest.xml:40:13-36
51            <intent-filter>
51-->src\main\AndroidManifest.xml:41:13-44:29
52                <action android:name="android.intent.action.MAIN" />
52-->src\main\AndroidManifest.xml:42:17-69
52-->src\main\AndroidManifest.xml:42:25-66
53
54                <category android:name="android.intent.category.LAUNCHER" />
54-->src\main\AndroidManifest.xml:43:17-77
54-->src\main\AndroidManifest.xml:43:27-74
55            </intent-filter>
56        </activity>
57        <activity
57-->src\main\AndroidManifest.xml:47:9-49:38
58            android:name="iot.b19060630.mybill.RegisterActivity"
58-->src\main\AndroidManifest.xml:48:13-65
59            android:exported="true" />
59-->src\main\AndroidManifest.xml:49:13-36
60        <activity
60-->src\main\AndroidManifest.xml:50:9-52:38
61            android:name="iot.b19060630.mybill.MusicPlayerActivity"
61-->src\main\AndroidManifest.xml:51:13-68
62            android:exported="true" />
62-->src\main\AndroidManifest.xml:52:13-36
63
64        <service
64-->src\main\AndroidManifest.xml:53:9-56:40
65            android:name="iot.b19060630.mybill.MusicPlayerService"
65-->src\main\AndroidManifest.xml:54:13-67
66            android:enabled="true"
66-->src\main\AndroidManifest.xml:55:13-35
67            android:exported="false" />
67-->src\main\AndroidManifest.xml:56:13-37
68    </application>
69
70</manifest>